<?xml version="1.0" encoding="UTF-8"?>
<testng-results ignored="0" total="2" passed="2" failed="0" skipped="0">
  <reporter-output>
    <line>
      <![CDATA[Browser got launched successfully]]>
    </line>
    <line>
      <![CDATA[Browser got maximized successfully]]>
    </line>
    <line>
      <![CDATA[Navigated to demowebshop successfully]]>
    </line>
    <line>
      <![CDATA[Navigated to Homepage successfully]]>
    </line>
    <line>
      <![CDATA[TestCase 001 executed Successfully]]>
    </line>
    <line>
      <![CDATA[Successfully logged out]]>
    </line>
    <line>
      <![CDATA[Browser got closed successfully]]>
    </line>
    <line>
      <![CDATA[Browser got launched successfully]]>
    </line>
    <line>
      <![CDATA[Browser got maximized successfully]]>
    </line>
    <line>
      <![CDATA[Navigated to demowebshop successfully]]>
    </line>
    <line>
      <![CDATA[Navigated to Homepage successfully]]>
    </line>
    <line>
      <![CDATA[Navigated to Computers page successfully]]>
    </line>
    <line>
      <![CDATA[TestCase 002 executed Successfully]]>
    </line>
    <line>
      <![CDATA[Successfully logged out]]>
    </line>
    <line>
      <![CDATA[Browser got closed successfully]]>
    </line>
  </reporter-output>
  <suite started-at="2024-01-31T17:45:16 IST" name="Suite" finished-at="2024-01-31T17:45:38 IST" duration-ms="21729">
    <groups>
    </groups>
    <test started-at="2024-01-31T17:45:16 IST" name="Test" finished-at="2024-01-31T17:45:38 IST" duration-ms="21729">
      <class name="advanceSeleniumTesting.TC_DWS_001">
        <test-method is-config="true" signature="toLaunch()[pri:0, instance:advanceSeleniumTesting.TC_DWS_001@2af004b]" started-at="2024-01-31T17:45:16 IST" name="toLaunch" finished-at="2024-01-31T17:45:18 IST" duration-ms="2252" status="PASS">
          <reporter-output>
            <line>
              <![CDATA[Browser got launched successfully]]>
            </line>
            <line>
              <![CDATA[Browser got maximized successfully]]>
            </line>
          </reporter-output>
        </test-method> <!-- toLaunch -->
        <test-method is-config="true" signature="toLogin()[pri:0, instance:advanceSeleniumTesting.TC_DWS_001@2af004b]" started-at="2024-01-31T17:45:18 IST" name="toLogin" finished-at="2024-01-31T17:45:27 IST" duration-ms="8706" status="PASS">
          <reporter-output>
            <line>
              <![CDATA[Navigated to demowebshop successfully]]>
            </line>
            <line>
              <![CDATA[Navigated to Homepage successfully]]>
            </line>
          </reporter-output>
        </test-method> <!-- toLogin -->
        <test-method signature="toCheckBookPage()[pri:0, instance:advanceSeleniumTesting.TC_DWS_001@2af004b]" started-at="2024-01-31T17:45:27 IST" name="toCheckBookPage" finished-at="2024-01-31T17:45:28 IST" duration-ms="1349" status="PASS">
          <reporter-output>
            <line>
              <![CDATA[TestCase 001 executed Successfully]]>
            </line>
          </reporter-output>
        </test-method> <!-- toCheckBookPage -->
        <test-method is-config="true" signature="toLogout()[pri:0, instance:advanceSeleniumTesting.TC_DWS_001@2af004b]" started-at="2024-01-31T17:45:28 IST" name="toLogout" finished-at="2024-01-31T17:45:29 IST" duration-ms="981" status="PASS">
          <reporter-output>
            <line>
              <![CDATA[Successfully logged out]]>
            </line>
          </reporter-output>
        </test-method> <!-- toLogout -->
        <test-method is-config="true" signature="toCloseBrowser()[pri:0, instance:advanceSeleniumTesting.TC_DWS_001@2af004b]" started-at="2024-01-31T17:45:29 IST" name="toCloseBrowser" finished-at="2024-01-31T17:45:29 IST" duration-ms="258" status="PASS">
          <reporter-output>
            <line>
              <![CDATA[Browser got closed successfully]]>
            </line>
          </reporter-output>
        </test-method> <!-- toCloseBrowser -->
      </class> <!-- advanceSeleniumTesting.TC_DWS_001 -->
      <class name="advanceSeleniumTesting.TC_DWS_002">
        <test-method is-config="true" signature="toLaunch()[pri:0, instance:advanceSeleniumTesting.TC_DWS_002@3e27ba32]" started-at="2024-01-31T17:45:29 IST" name="toLaunch" finished-at="2024-01-31T17:45:31 IST" duration-ms="1274" status="PASS">
          <reporter-output>
            <line>
              <![CDATA[Browser got launched successfully]]>
            </line>
            <line>
              <![CDATA[Browser got maximized successfully]]>
            </line>
          </reporter-output>
        </test-method> <!-- toLaunch -->
        <test-method is-config="true" signature="toLogin()[pri:0, instance:advanceSeleniumTesting.TC_DWS_002@3e27ba32]" started-at="2024-01-31T17:45:31 IST" name="toLogin" finished-at="2024-01-31T17:45:36 IST" duration-ms="4940" status="PASS">
          <reporter-output>
            <line>
              <![CDATA[Navigated to demowebshop successfully]]>
            </line>
            <line>
              <![CDATA[Navigated to Homepage successfully]]>
            </line>
          </reporter-output>
        </test-method> <!-- toLogin -->
        <test-method signature="toCheckComputersPage()[pri:0, instance:advanceSeleniumTesting.TC_DWS_002@3e27ba32]" started-at="2024-01-31T17:45:36 IST" name="toCheckComputersPage" finished-at="2024-01-31T17:45:37 IST" duration-ms="827" status="PASS">
          <reporter-output>
            <line>
              <![CDATA[Navigated to Computers page successfully]]>
            </line>
            <line>
              <![CDATA[TestCase 002 executed Successfully]]>
            </line>
          </reporter-output>
        </test-method> <!-- toCheckComputersPage -->
        <test-method is-config="true" signature="toLogout()[pri:0, instance:advanceSeleniumTesting.TC_DWS_002@3e27ba32]" started-at="2024-01-31T17:45:37 IST" name="toLogout" finished-at="2024-01-31T17:45:37 IST" duration-ms="923" status="PASS">
          <reporter-output>
            <line>
              <![CDATA[Successfully logged out]]>
            </line>
          </reporter-output>
        </test-method> <!-- toLogout -->
        <test-method is-config="true" signature="toCloseBrowser()[pri:0, instance:advanceSeleniumTesting.TC_DWS_002@3e27ba32]" started-at="2024-01-31T17:45:37 IST" name="toCloseBrowser" finished-at="2024-01-31T17:45:38 IST" duration-ms="172" status="PASS">
          <reporter-output>
            <line>
              <![CDATA[Browser got closed successfully]]>
            </line>
          </reporter-output>
        </test-method> <!-- toCloseBrowser -->
      </class> <!-- advanceSeleniumTesting.TC_DWS_002 -->
    </test> <!-- Test -->
  </suite> <!-- Suite -->
</testng-results>
